<?xml version="1.0" encoding="UTF-8"?>
<!-- Generated by org.testng.reporters.JUnitReportReporter -->
<testsuite skipped="2" hostname="DESKTOP-8M0RT8Q" name="TestCases.Login" tests="5" failures="0" timestamp="2021-05-22T13:57:36 IST" time="44.018" errors="0">
  <testcase name="test_LoginButton" time="2.367" classname="TestCases.Login"/>
  <system-out/>
  <testcase name="test_Login2" time="14.338" classname="TestCases.Login"/>
  <system-out/>
  <testcase name="test_Login2" time="27.313" classname="TestCases.Login"/>
  <system-out/>
  <testcase name="test_LoginPage1" classname="TestCases.Login">
    <skipped/>
  </testcase> <!-- test_LoginPage1 -->
  <system-out/>
  <testcase name="test_LoginPage" classname="TestCases.Login">
    <skipped/>
  </testcase> <!-- test_LoginPage -->
  <system-out/>
</testsuite> <!-- TestCases.Login -->
