<?xml version="1.0" encoding="UTF-8"?>
<!-- Generated by org.testng.reporters.JUnitReportReporter -->
<testsuite skipped="2" hostname="DESKTOP-8M0RT8Q" name="TestCases.SignUp" tests="4" failures="0" timestamp="2021-05-20T21:09:47 IST" time="6.246" errors="0">
  <testcase name="Login_button" time="3.231" classname="TestCases.SignUp"/>
  <system-out/>
  <testcase name="Back_button" time="3.015" classname="TestCases.SignUp"/>
  <system-out/>
  <testcase name="Register_invalid" classname="TestCases.SignUp">
    <skipped/>
  </testcase> <!-- Register_invalid -->
  <system-out/>
  <testcase name="Register_valid" classname="TestCases.SignUp">
    <skipped/>
  </testcase> <!-- Register_valid -->
  <system-out/>
</testsuite> <!-- TestCases.SignUp -->
