<?xml version="1.0" encoding="UTF-8"?>
<!-- Generated by org.testng.reporters.JUnitReportReporter -->
<testsuite skipped="0" hostname="DESKTOP-8M0RT8Q" name="TestCases.Home" tests="11" failures="0" timestamp="2021-05-18T19:54:11 IST" time="33.465" errors="0">
  <testcase name="test_LoginButton" time="1.665" classname="TestCases.Home"/>
  <system-out/>
  <testcase name="test_LoginPage1" time="1.855" classname="TestCases.Home"/>
  <system-out/>
  <testcase name="test_LoginPage" time="4.381" classname="TestCases.Home"/>
  <system-out/>
  <testcase name="Home_ForHim" time="5.176" classname="TestCases.Home"/>
  <system-out/>
  <testcase name="Home_ForHer" time="2.354" classname="TestCases.Home"/>
  <system-out/>
  <testcase name="Home_ForKids" time="2.418" classname="TestCases.Home"/>
  <system-out/>
  <testcase name="Home_ForHome" time="2.511" classname="TestCases.Home"/>
  <system-out/>
  <testcase name="Home_PersonalisedGifts" time="2.305" classname="TestCases.Home"/>
  <system-out/>
  <testcase name="Home_contactLink" time="4.511" classname="TestCases.Home"/>
  <system-out/>
  <testcase name="Hii_adminLink" time="0.165" classname="TestCases.Home"/>
  <system-out/>
  <testcase name="Home_Search" time="6.124" classname="TestCases.Home"/>
  <system-out/>
</testsuite> <!-- TestCases.Home -->
